[35m[1mScanning dependencies of target socketToRos[0m
[  0%] Built target std_msgs_generate_messages_nodejs
[  0%] Built target std_msgs_generate_messages_py
[ 11%] [32mBuilding CXX object CMakeFiles/socketToRos.dir/socketToRosMain.cpp.o[0m
[ 11%] Built target std_msgs_generate_messages_lisp
[ 11%] Built target std_msgs_generate_messages_eus
[ 11%] Built target _socketToRosPkg_generate_messages_check_deps_float64_header
[ 11%] Built target std_msgs_generate_messages_cpp
[ 33%] Built target socketToRosPkg_generate_messages_py
[ 44%] Built target socketToRosPkg_generate_messages_nodejs
[ 55%] Built target socketToRosPkg_generate_messages_lisp
[ 77%] Built target socketToRosPkg_generate_messages_eus
[ 88%] Built target socketToRosPkg_generate_messages_cpp
[ 88%] Built target socketToRosPkg_generate_messages
[100%] [32m[1mLinking CXX executable /home/mgehrig2/git_repos/socketToRos/catkin_ws/devel/.private/socketToRosPkg/lib/socketToRosPkg/socketToRos[0m
CMakeFiles/socketToRos.dir/socketToRosMain.cpp.o: In function `main':
socketToRosMain.cpp:(.text+0x70): undefined reference to `ros::init(int&, char**, std::__cxx11::basic_string<char, std::char_traits<char>, std::allocator<char> > const&, unsigned int)'
socketToRosMain.cpp:(.text+0xcc): undefined reference to `ros::NodeHandle::NodeHandle(std::__cxx11::basic_string<char, std::char_traits<char>, std::allocator<char> > const&, std::map<std::__cxx11::basic_string<char, std::char_traits<char>, std::allocator<char> >, std::__cxx11::basic_string<char, std::char_traits<char>, std::allocator<char> >, std::less<std::__cxx11::basic_string<char, std::char_traits<char>, std::allocator<char> > >, std::allocator<std::pair<std::__cxx11::basic_string<char, std::char_traits<char>, std::allocator<char> > const, std::__cxx11::basic_string<char, std::char_traits<char>, std::allocator<char> > > > > const&)'
socketToRosMain.cpp:(.text+0x182): undefined reference to `ros::Rate::Rate(double)'
socketToRosMain.cpp:(.text+0x191): undefined reference to `ros::ok()'
socketToRosMain.cpp:(.text+0x23d): undefined reference to `ros::console::g_initialized'
socketToRosMain.cpp:(.text+0x24d): undefined reference to `ros::console::initialize()'
socketToRosMain.cpp:(.text+0x2a2): undefined reference to `ros::console::initializeLogLocation(ros::console::LogLocation*, std::__cxx11::basic_string<char, std::char_traits<char>, std::allocator<char> > const&, ros::console::levels::Level)'
socketToRosMain.cpp:(.text+0x2e3): undefined reference to `ros::console::setLogLocationLevel(ros::console::LogLocation*, ros::console::levels::Level)'
socketToRosMain.cpp:(.text+0x2ed): undefined reference to `ros::console::checkLogLocationEnabled(ros::console::LogLocation*)'
socketToRosMain.cpp:(.text+0x34e): undefined reference to `ros::console::print(ros::console::FilterBase*, void*, ros::console::levels::Level, char const*, int, char const*, char const*, ...)'
socketToRosMain.cpp:(.text+0x370): undefined reference to `ros::spinOnce()'
socketToRosMain.cpp:(.text+0x37f): undefined reference to `ros::Rate::sleep()'
socketToRosMain.cpp:(.text+0x3cc): undefined reference to `ros::Publisher::~Publisher()'
socketToRosMain.cpp:(.text+0x3db): undefined reference to `ros::NodeHandle::~NodeHandle()'
socketToRosMain.cpp:(.text+0x44c): undefined reference to `ros::NodeHandle::~NodeHandle()'
socketToRosMain.cpp:(.text+0x47d): undefined reference to `ros::NodeHandle::~NodeHandle()'
socketToRosMain.cpp:(.text+0x4ae): undefined reference to `ros::Publisher::~Publisher()'
socketToRosMain.cpp:(.text+0x551): undefined reference to `ros::Publisher::~Publisher()'
socketToRosMain.cpp:(.text+0x565): undefined reference to `ros::NodeHandle::~NodeHandle()'
CMakeFiles/socketToRos.dir/socketToRosMain.cpp.o: In function `ros::Publisher ros::NodeHandle::advertise<std_msgs::String_<std::allocator<void> > >(std::__cxx11::basic_string<char, std::char_traits<char>, std::allocator<char> > const&, unsigned int, bool)':
socketToRosMain.cpp:(.text._ZN3ros10NodeHandle9advertiseIN8std_msgs7String_ISaIvEEEEENS_9PublisherERKNSt7__cxx1112basic_stringIcSt11char_traitsIcESaIcEEEjb[_ZN3ros10NodeHandle9advertiseIN8std_msgs7String_ISaIvEEEEENS_9PublisherERKNSt7__cxx1112basic_stringIcSt11char_traitsIcESaIcEEEjb]+0xdd): undefined reference to `ros::NodeHandle::advertise(ros::AdvertiseOptions&)'
CMakeFiles/socketToRos.dir/socketToRosMain.cpp.o: In function `void ros::Publisher::publish<std_msgs::String_<std::allocator<void> > >(std_msgs::String_<std::allocator<void> > const&) const':
socketToRosMain.cpp:(.text._ZNK3ros9Publisher7publishIN8std_msgs7String_ISaIvEEEEEvRKT_[_ZNK3ros9Publisher7publishIN8std_msgs7String_ISaIvEEEEEvRKT_]+0x47): undefined reference to `ros::console::g_initialized'
socketToRosMain.cpp:(.text._ZNK3ros9Publisher7publishIN8std_msgs7String_ISaIvEEEEEvRKT_[_ZNK3ros9Publisher7publishIN8std_msgs7String_ISaIvEEEEEvRKT_]+0x57): undefined reference to `ros::console::initialize()'
socketToRosMain.cpp:(.text._ZNK3ros9Publisher7publishIN8std_msgs7String_ISaIvEEEEEvRKT_[_ZNK3ros9Publisher7publishIN8std_msgs7String_ISaIvEEEEEvRKT_]+0xa6): undefined reference to `ros::console::initializeLogLocation(ros::console::LogLocation*, std::__cxx11::basic_string<char, std::char_traits<char>, std::allocator<char> > const&, ros::console::levels::Level)'
socketToRosMain.cpp:(.text._ZNK3ros9Publisher7publishIN8std_msgs7String_ISaIvEEEEEvRKT_[_ZNK3ros9Publisher7publishIN8std_msgs7String_ISaIvEEEEEvRKT_]+0xe4): undefined reference to `ros::console::setLogLocationLevel(ros::console::LogLocation*, ros::console::levels::Level)'
socketToRosMain.cpp:(.text._ZNK3ros9Publisher7publishIN8std_msgs7String_ISaIvEEEEEvRKT_[_ZNK3ros9Publisher7publishIN8std_msgs7String_ISaIvEEEEEvRKT_]+0xee): undefined reference to `ros::console::checkLogLocationEnabled(ros::console::LogLocation*)'
socketToRosMain.cpp:(.text._ZNK3ros9Publisher7publishIN8std_msgs7String_ISaIvEEEEEvRKT_[_ZNK3ros9Publisher7publishIN8std_msgs7String_ISaIvEEEEEvRKT_]+0x148): undefined reference to `ros::console::print(ros::console::FilterBase*, void*, ros::console::levels::Level, char const*, int, char const*, char const*, ...)'
socketToRosMain.cpp:(.text._ZNK3ros9Publisher7publishIN8std_msgs7String_ISaIvEEEEEvRKT_[_ZNK3ros9Publisher7publishIN8std_msgs7String_ISaIvEEEEEvRKT_]+0x153): undefined reference to `ros::console::g_initialized'
socketToRosMain.cpp:(.text._ZNK3ros9Publisher7publishIN8std_msgs7String_ISaIvEEEEEvRKT_[_ZNK3ros9Publisher7publishIN8std_msgs7String_ISaIvEEEEEvRKT_]+0x163): undefined reference to `ros::console::initialize()'
socketToRosMain.cpp:(.text._ZNK3ros9Publisher7publishIN8std_msgs7String_ISaIvEEEEEvRKT_[_ZNK3ros9Publisher7publishIN8std_msgs7String_ISaIvEEEEEvRKT_]+0x1b2): undefined reference to `ros::console::initializeLogLocation(ros::console::LogLocation*, std::__cxx11::basic_string<char, std::char_traits<char>, std::allocator<char> > const&, ros::console::levels::Level)'
socketToRosMain.cpp:(.text._ZNK3ros9Publisher7publishIN8std_msgs7String_ISaIvEEEEEvRKT_[_ZNK3ros9Publisher7publishIN8std_msgs7String_ISaIvEEEEEvRKT_]+0x1f0): undefined reference to `ros::console::setLogLocationLevel(ros::console::LogLocation*, ros::console::levels::Level)'
socketToRosMain.cpp:(.text._ZNK3ros9Publisher7publishIN8std_msgs7String_ISaIvEEEEEvRKT_[_ZNK3ros9Publisher7publishIN8std_msgs7String_ISaIvEEEEEvRKT_]+0x1fa): undefined reference to `ros::console::checkLogLocationEnabled(ros::console::LogLocation*)'
socketToRosMain.cpp:(.text._ZNK3ros9Publisher7publishIN8std_msgs7String_ISaIvEEEEEvRKT_[_ZNK3ros9Publisher7publishIN8std_msgs7String_ISaIvEEEEEvRKT_]+0x24c): undefined reference to `ros::console::print(ros::console::FilterBase*, void*, ros::console::levels::Level, char const*, int, char const*, char const*, ...)'
socketToRosMain.cpp:(.text._ZNK3ros9Publisher7publishIN8std_msgs7String_ISaIvEEEEEvRKT_[_ZNK3ros9Publisher7publishIN8std_msgs7String_ISaIvEEEEEvRKT_]+0x257): undefined reference to `ros::console::g_initialized'
socketToRosMain.cpp:(.text._ZNK3ros9Publisher7publishIN8std_msgs7String_ISaIvEEEEEvRKT_[_ZNK3ros9Publisher7publishIN8std_msgs7String_ISaIvEEEEEvRKT_]+0x267): undefined reference to `ros::console::initialize()'
socketToRosMain.cpp:(.text._ZNK3ros9Publisher7publishIN8std_msgs7String_ISaIvEEEEEvRKT_[_ZNK3ros9Publisher7publishIN8std_msgs7String_ISaIvEEEEEvRKT_]+0x2b6): undefined reference to `ros::console::initializeLogLocation(ros::console::LogLocation*, std::__cxx11::basic_string<char, std::char_traits<char>, std::allocator<char> > const&, ros::console::levels::Level)'
socketToRosMain.cpp:(.text._ZNK3ros9Publisher7publishIN8std_msgs7String_ISaIvEEEEEvRKT_[_ZNK3ros9Publisher7publishIN8std_msgs7String_ISaIvEEEEEvRKT_]+0x2f4): undefined reference to `ros::console::setLogLocationLevel(ros::console::LogLocation*, ros::console::levels::Level)'
socketToRosMain.cpp:(.text._ZNK3ros9Publisher7publishIN8std_msgs7String_ISaIvEEEEEvRKT_[_ZNK3ros9Publisher7publishIN8std_msgs7String_ISaIvEEEEEvRKT_]+0x2fe): undefined reference to `ros::console::checkLogLocationEnabled(ros::console::LogLocation*)'
socketToRosMain.cpp:(.text._ZNK3ros9Publisher7publishIN8std_msgs7String_ISaIvEEEEEvRKT_[_ZNK3ros9Publisher7publishIN8std_msgs7String_ISaIvEEEEEvRKT_]+0x350): undefined reference to `ros::console::print(ros::console::FilterBase*, void*, ros::console::levels::Level, char const*, int, char const*, char const*, ...)'
socketToRosMain.cpp:(.text._ZNK3ros9Publisher7publishIN8std_msgs7String_ISaIvEEEEEvRKT_[_ZNK3ros9Publisher7publishIN8std_msgs7String_ISaIvEEEEEvRKT_]+0x371): undefined reference to `ros::Publisher::Impl::isValid() const'
socketToRosMain.cpp:(.text._ZNK3ros9Publisher7publishIN8std_msgs7String_ISaIvEEEEEvRKT_[_ZNK3ros9Publisher7publishIN8std_msgs7String_ISaIvEEEEEvRKT_]+0x383): undefined reference to `ros::console::g_initialized'
socketToRosMain.cpp:(.text._ZNK3ros9Publisher7publishIN8std_msgs7String_ISaIvEEEEEvRKT_[_ZNK3ros9Publisher7publishIN8std_msgs7String_ISaIvEEEEEvRKT_]+0x393): undefined reference to `ros::console::initialize()'
socketToRosMain.cpp:(.text._ZNK3ros9Publisher7publishIN8std_msgs7String_ISaIvEEEEEvRKT_[_ZNK3ros9Publisher7publishIN8std_msgs7String_ISaIvEEEEEvRKT_]+0x3e2): undefined reference to `ros::console::initializeLogLocation(ros::console::LogLocation*, std::__cxx11::basic_string<char, std::char_traits<char>, std::allocator<char> > const&, ros::console::levels::Level)'
socketToRosMain.cpp:(.text._ZNK3ros9Publisher7publishIN8std_msgs7String_ISaIvEEEEEvRKT_[_ZNK3ros9Publisher7publishIN8std_msgs7String_ISaIvEEEEEvRKT_]+0x420): undefined reference to `ros::console::setLogLocationLevel(ros::console::LogLocation*, ros::console::levels::Level)'
socketToRosMain.cpp:(.text._ZNK3ros9Publisher7publishIN8std_msgs7String_ISaIvEEEEEvRKT_[_ZNK3ros9Publisher7publishIN8std_msgs7String_ISaIvEEEEEvRKT_]+0x42a): undefined reference to `ros::console::checkLogLocationEnabled(ros::console::LogLocation*)'
socketToRosMain.cpp:(.text._ZNK3ros9Publisher7publishIN8std_msgs7String_ISaIvEEEEEvRKT_[_ZNK3ros9Publisher7publishIN8std_msgs7String_ISaIvEEEEEvRKT_]+0x484): undefined reference to `ros::console::print(ros::console::FilterBase*, void*, ros::console::levels::Level, char const*, int, char const*, char const*, ...)'
socketToRosMain.cpp:(.text._ZNK3ros9Publisher7publishIN8std_msgs7String_ISaIvEEEEEvRKT_[_ZNK3ros9Publisher7publishIN8std_msgs7String_ISaIvEEEEEvRKT_]+0x48f): undefined reference to `ros::console::g_initialized'
socketToRosMain.cpp:(.text._ZNK3ros9Publisher7publishIN8std_msgs7String_ISaIvEEEEEvRKT_[_ZNK3ros9Publisher7publishIN8std_msgs7String_ISaIvEEEEEvRKT_]+0x49f): undefined reference to `ros::console::initialize()'
socketToRosMain.cpp:(.text._ZNK3ros9Publisher7publishIN8std_msgs7String_ISaIvEEEEEvRKT_[_ZNK3ros9Publisher7publishIN8std_msgs7String_ISaIvEEEEEvRKT_]+0x4ee): undefined reference to `ros::console::initializeLogLocation(ros::console::LogLocation*, std::__cxx11::basic_string<char, std::char_traits<char>, std::allocator<char> > const&, ros::console::levels::Level)'
socketToRosMain.cpp:(.text._ZNK3ros9Publisher7publishIN8std_msgs7String_ISaIvEEEEEvRKT_[_ZNK3ros9Publisher7publishIN8std_msgs7String_ISaIvEEEEEvRKT_]+0x52c): undefined reference to `ros::console::setLogLocationLevel(ros::console::LogLocation*, ros::console::levels::Level)'
socketToRosMain.cpp:(.text._ZNK3ros9Publisher7publishIN8std_msgs7String_ISaIvEEEEEvRKT_[_ZNK3ros9Publisher7publishIN8std_msgs7String_ISaIvEEEEEvRKT_]+0x536): undefined reference to `ros::console::checkLogLocationEnabled(ros::console::LogLocation*)'
socketToRosMain.cpp:(.text._ZNK3ros9Publisher7publishIN8std_msgs7String_ISaIvEEEEEvRKT_[_ZNK3ros9Publisher7publishIN8std_msgs7String_ISaIvEEEEEvRKT_]+0x59f): undefined reference to `ros::console::print(ros::console::FilterBase*, void*, ros::console::levels::Level, char const*, int, char const*, char const*, ...)'
socketToRosMain.cpp:(.text._ZNK3ros9Publisher7publishIN8std_msgs7String_ISaIvEEEEEvRKT_[_ZNK3ros9Publisher7publishIN8std_msgs7String_ISaIvEEEEEvRKT_]+0x5aa): undefined reference to `ros::console::g_initialized'
socketToRosMain.cpp:(.text._ZNK3ros9Publisher7publishIN8std_msgs7String_ISaIvEEEEEvRKT_[_ZNK3ros9Publisher7publishIN8std_msgs7String_ISaIvEEEEEvRKT_]+0x5ba): undefined reference to `ros::console::initialize()'
socketToRosMain.cpp:(.text._ZNK3ros9Publisher7publishIN8std_msgs7String_ISaIvEEEEEvRKT_[_ZNK3ros9Publisher7publishIN8std_msgs7String_ISaIvEEEEEvRKT_]+0x609): undefined reference to `ros::console::initializeLogLocation(ros::console::LogLocation*, std::__cxx11::basic_string<char, std::char_traits<char>, std::allocator<char> > const&, ros::console::levels::Level)'
socketToRosMain.cpp:(.text._ZNK3ros9Publisher7publishIN8std_msgs7String_ISaIvEEEEEvRKT_[_ZNK3ros9Publisher7publishIN8std_msgs7String_ISaIvEEEEEvRKT_]+0x647): undefined reference to `ros::console::setLogLocationLevel(ros::console::LogLocation*, ros::console::levels::Level)'
socketToRosMain.cpp:(.text._ZNK3ros9Publisher7publishIN8std_msgs7String_ISaIvEEEEEvRKT_[_ZNK3ros9Publisher7publishIN8std_msgs7String_ISaIvEEEEEvRKT_]+0x651): undefined reference to `ros::console::checkLogLocationEnabled(ros::console::LogLocation*)'
socketToRosMain.cpp:(.text._ZNK3ros9Publisher7publishIN8std_msgs7String_ISaIvEEEEEvRKT_[_ZNK3ros9Publisher7publishIN8std_msgs7String_ISaIvEEEEEvRKT_]+0x6a3): undefined reference to `ros::console::print(ros::console::FilterBase*, void*, ros::console::levels::Level, char const*, int, char const*, char const*, ...)'
socketToRosMain.cpp:(.text._ZNK3ros9Publisher7publishIN8std_msgs7String_ISaIvEEEEEvRKT_[_ZNK3ros9Publisher7publishIN8std_msgs7String_ISaIvEEEEEvRKT_]+0x7b7): undefined reference to `ros::console::g_initialized'
socketToRosMain.cpp:(.text._ZNK3ros9Publisher7publishIN8std_msgs7String_ISaIvEEEEEvRKT_[_ZNK3ros9Publisher7publishIN8std_msgs7String_ISaIvEEEEEvRKT_]+0x7c7): undefined reference to `ros::console::initialize()'
socketToRosMain.cpp:(.text._ZNK3ros9Publisher7publishIN8std_msgs7String_ISaIvEEEEEvRKT_[_ZNK3ros9Publisher7publishIN8std_msgs7String_ISaIvEEEEEvRKT_]+0x816): undefined reference to `ros::console::initializeLogLocation(ros::console::LogLocation*, std::__cxx11::basic_string<char, std::char_traits<char>, std::allocator<char> > const&, ros::console::levels::Level)'
socketToRosMain.cpp:(.text._ZNK3ros9Publisher7publishIN8std_msgs7String_ISaIvEEEEEvRKT_[_ZNK3ros9Publisher7publishIN8std_msgs7String_ISaIvEEEEEvRKT_]+0x854): undefined reference to `ros::console::setLogLocationLevel(ros::console::LogLocation*, ros::console::levels::Level)'
socketToRosMain.cpp:(.text._ZNK3ros9Publisher7publishIN8std_msgs7String_ISaIvEEEEEvRKT_[_ZNK3ros9Publisher7publishIN8std_msgs7String_ISaIvEEEEEvRKT_]+0x85e): undefined reference to `ros::console::checkLogLocationEnabled(ros::console::LogLocation*)'
socketToRosMain.cpp:(.text._ZNK3ros9Publisher7publishIN8std_msgs7String_ISaIvEEEEEvRKT_[_ZNK3ros9Publisher7publishIN8std_msgs7String_ISaIvEEEEEvRKT_]+0x8b8): undefined reference to `ros::console::print(ros::console::FilterBase*, void*, ros::console::levels::Level, char const*, int, char const*, char const*, ...)'
socketToRosMain.cpp:(.text._ZNK3ros9Publisher7publishIN8std_msgs7String_ISaIvEEEEEvRKT_[_ZNK3ros9Publisher7publishIN8std_msgs7String_ISaIvEEEEEvRKT_]+0x8c3): undefined reference to `ros::console::g_initialized'
socketToRosMain.cpp:(.text._ZNK3ros9Publisher7publishIN8std_msgs7String_ISaIvEEEEEvRKT_[_ZNK3ros9Publisher7publishIN8std_msgs7String_ISaIvEEEEEvRKT_]+0x8d3): undefined reference to `ros::console::initialize()'
socketToRosMain.cpp:(.text._ZNK3ros9Publisher7publishIN8std_msgs7String_ISaIvEEEEEvRKT_[_ZNK3ros9Publisher7publishIN8std_msgs7String_ISaIvEEEEEvRKT_]+0x922): undefined reference to `ros::console::initializeLogLocation(ros::console::LogLocation*, std::__cxx11::basic_string<char, std::char_traits<char>, std::allocator<char> > const&, ros::console::levels::Level)'
socketToRosMain.cpp:(.text._ZNK3ros9Publisher7publishIN8std_msgs7String_ISaIvEEEEEvRKT_[_ZNK3ros9Publisher7publishIN8std_msgs7String_ISaIvEEEEEvRKT_]+0x960): undefined reference to `ros::console::setLogLocationLevel(ros::console::LogLocation*, ros::console::levels::Level)'
socketToRosMain.cpp:(.text._ZNK3ros9Publisher7publishIN8std_msgs7String_ISaIvEEEEEvRKT_[_ZNK3ros9Publisher7publishIN8std_msgs7String_ISaIvEEEEEvRKT_]+0x96a): undefined reference to `ros::console::checkLogLocationEnabled(ros::console::LogLocation*)'
socketToRosMain.cpp:(.text._ZNK3ros9Publisher7publishIN8std_msgs7String_ISaIvEEEEEvRKT_[_ZNK3ros9Publisher7publishIN8std_msgs7String_ISaIvEEEEEvRKT_]+0xa26): undefined reference to `ros::console::print(ros::console::FilterBase*, void*, ros::console::levels::Level, char const*, int, char const*, char const*, ...)'
socketToRosMain.cpp:(.text._ZNK3ros9Publisher7publishIN8std_msgs7String_ISaIvEEEEEvRKT_[_ZNK3ros9Publisher7publishIN8std_msgs7String_ISaIvEEEEEvRKT_]+0xa31): undefined reference to `ros::console::g_initialized'
socketToRosMain.cpp:(.text._ZNK3ros9Publisher7publishIN8std_msgs7String_ISaIvEEEEEvRKT_[_ZNK3ros9Publisher7publishIN8std_msgs7String_ISaIvEEEEEvRKT_]+0xa41): undefined reference to `ros::console::initialize()'
socketToRosMain.cpp:(.text._ZNK3ros9Publisher7publishIN8std_msgs7String_ISaIvEEEEEvRKT_[_ZNK3ros9Publisher7publishIN8std_msgs7String_ISaIvEEEEEvRKT_]+0xa90): undefined reference to `ros::console::initializeLogLocation(ros::console::LogLocation*, std::__cxx11::basic_string<char, std::char_traits<char>, std::allocator<char> > const&, ros::console::levels::Level)'
socketToRosMain.cpp:(.text._ZNK3ros9Publisher7publishIN8std_msgs7String_ISaIvEEEEEvRKT_[_ZNK3ros9Publisher7publishIN8std_msgs7String_ISaIvEEEEEvRKT_]+0xace): undefined reference to `ros::console::setLogLocationLevel(ros::console::LogLocation*, ros::console::levels::Level)'
socketToRosMain.cpp:(.text._ZNK3ros9Publisher7publishIN8std_msgs7String_ISaIvEEEEEvRKT_[_ZNK3ros9Publisher7publishIN8std_msgs7String_ISaIvEEEEEvRKT_]+0xad8): undefined reference to `ros::console::checkLogLocationEnabled(ros::console::LogLocation*)'
socketToRosMain.cpp:(.text._ZNK3ros9Publisher7publishIN8std_msgs7String_ISaIvEEEEEvRKT_[_ZNK3ros9Publisher7publishIN8std_msgs7String_ISaIvEEEEEvRKT_]+0xb2a): undefined reference to `ros::console::print(ros::console::FilterBase*, void*, ros::console::levels::Level, char const*, int, char const*, char const*, ...)'
socketToRosMain.cpp:(.text._ZNK3ros9Publisher7publishIN8std_msgs7String_ISaIvEEEEEvRKT_[_ZNK3ros9Publisher7publishIN8std_msgs7String_ISaIvEEEEEvRKT_]+0xbfc): undefined reference to `ros::Publisher::publish(boost::function<ros::SerializedMessage ()> const&, ros::SerializedMessage&) const'
CMakeFiles/socketToRos.dir/socketToRosMain.cpp.o: In function `void ros::serialization::Serializer<unsigned int>::write<ros::serialization::OStream>(ros::serialization::OStream&, unsigned int)':
socketToRosMain.cpp:(.text._ZN3ros13serialization10SerializerIjE5writeINS0_7OStreamEEEvRT_j[_ZN3ros13serialization10SerializerIjE5writeINS0_7OStreamEEEvRT_j]+0x53): undefined reference to `ros::serialization::throwStreamOverrun()'
CMakeFiles/socketToRos.dir/socketToRosMain.cpp.o: In function `void ros::serialization::Serializer<std::__cxx11::basic_string<char, std::char_traits<char>, std::allocator<char> > >::write<ros::serialization::OStream>(ros::serialization::OStream&, std::__cxx11::basic_string<char, std::char_traits<char>, std::allocator<char> > const&)':
socketToRosMain.cpp:(.text._ZN3ros13serialization10SerializerINSt7__cxx1112basic_stringIcSt11char_traitsIcESaIcEEEE5writeINS0_7OStreamEEEvRT_RKS7_[_ZN3ros13serialization10SerializerINSt7__cxx1112basic_stringIcSt11char_traitsIcESaIcEEEE5writeINS0_7OStreamEEEvRT_RKS7_]+0xad): undefined reference to `ros::serialization::throwStreamOverrun()'
collect2: error: ld returned 1 exit status
CMakeFiles/socketToRos.dir/build.make:94: recipe for target '/home/mgehrig2/git_repos/socketToRos/catkin_ws/devel/.private/socketToRosPkg/lib/socketToRosPkg/socketToRos' failed
make[2]: *** [/home/mgehrig2/git_repos/socketToRos/catkin_ws/devel/.private/socketToRosPkg/lib/socketToRosPkg/socketToRos] Error 1
CMakeFiles/Makefile2:519: recipe for target 'CMakeFiles/socketToRos.dir/all' failed
make[1]: *** [CMakeFiles/socketToRos.dir/all] Error 2
Makefile:138: recipe for target 'all' failed
make: *** [all] Error 2
