[35m[1mScanning dependencies of target socketToRos[0m
[  0%] Built target std_msgs_generate_messages_py
[  0%] Built target std_msgs_generate_messages_nodejs
[ 11%] [32mBuilding CXX object CMakeFiles/socketToRos.dir/socketToRosMain.cpp.o[0m
[ 11%] Built target std_msgs_generate_messages_lisp
[ 11%] Built target std_msgs_generate_messages_eus
[ 11%] Built target std_msgs_generate_messages_cpp
[ 11%] Built target _socketToRosPkg_generate_messages_check_deps_float64_header
[ 22%] Built target socketToRosPkg_generate_messages_lisp
[ 44%] Built target socketToRosPkg_generate_messages_py
[ 55%] Built target socketToRosPkg_generate_messages_nodejs
[ 66%] Built target socketToRosPkg_generate_messages_cpp
[ 88%] Built target socketToRosPkg_generate_messages_eus
[ 88%] Built target socketToRosPkg_generate_messages
In file included from [01m[K/usr/include/c++/5/array:35:0[m[K,
                 from [01m[K/home/mgehrig2/git_repos/socketToRos/catkin_ws/src/socketToRosPkg/socketToRosMain.cpp:12[m[K:
[01m[K/usr/include/c++/5/bits/c++0x_warning.h:32:2:[m[K [01;31m[Kerror: [m[K#error This file requires compiler and library support for the ISO C++ 2011 standard. This support must be enabled with the -std=c++11 or -std=gnu++11 compiler options.
 #error This file requires compiler and library support \
[01;32m[K  ^[m[K
[01m[K/home/mgehrig2/git_repos/socketToRos/catkin_ws/src/socketToRosPkg/socketToRosMain.cpp:[m[K In function ‘[01m[Kint main(int, char**)[m[K’:
[01m[K/home/mgehrig2/git_repos/socketToRos/catkin_ws/src/socketToRosPkg/socketToRosMain.cpp:63:35:[m[K [01;31m[Kerror: [m[Kparse error in template argument list
    ros::Publisher chatter_pub = n.advertise<std_msgs::float>("publisherEEROS", 1000);
[01;32m[K                                   ^[m[K
[01m[K/home/mgehrig2/git_repos/socketToRos/catkin_ws/src/socketToRosPkg/socketToRosMain.cpp:63:84:[m[K [01;31m[Kerror: [m[Kno matching function for call to ‘[01m[Kros::NodeHandle::advertise(const char [15], int)[m[K’
    ros::Publisher chatter_pub = n.advertise<std_msgs::float>("publisherEEROS", 1000);
[01;32m[K                                                                                    ^[m[K
In file included from [01m[K/opt/ros/kinetic/include/ros/ros.h:45:0[m[K,
                 from [01m[K/home/mgehrig2/git_repos/socketToRos/catkin_ws/src/socketToRosPkg/socketToRosMain.cpp:1[m[K:
[01m[K/opt/ros/kinetic/include/ros/node_handle.h:248:15:[m[K [01;36m[Knote: [m[Kcandidate: template<class M> ros::Publisher ros::NodeHandle::advertise(const string&, uint32_t, bool)
     Publisher advertise(const std::string& topic, uint32_t queue_size, bool latch = false)
[01;32m[K               ^[m[K
[01m[K/opt/ros/kinetic/include/ros/node_handle.h:248:15:[m[K [01;36m[Knote: [m[K  template argument deduction/substitution failed:
[01m[K/home/mgehrig2/git_repos/socketToRos/catkin_ws/src/socketToRosPkg/socketToRosMain.cpp:63:84:[m[K [01;31m[Kerror: [m[Ktemplate argument 1 is invalid
    ros::Publisher chatter_pub = n.advertise<std_msgs::float>("publisherEEROS", 1000);
[01;32m[K                                                                                    ^[m[K
In file included from [01m[K/opt/ros/kinetic/include/ros/ros.h:45:0[m[K,
                 from [01m[K/home/mgehrig2/git_repos/socketToRos/catkin_ws/src/socketToRosPkg/socketToRosMain.cpp:1[m[K:
[01m[K/opt/ros/kinetic/include/ros/node_handle.h:314:13:[m[K [01;36m[Knote: [m[Kcandidate: template<class M> ros::Publisher ros::NodeHandle::advertise(const string&, uint32_t, const SubscriberStatusCallback&, const SubscriberStatusCallback&, const VoidConstPtr&, bool)
   Publisher advertise(const std::string& topic, uint32_t queue_size,
[01;32m[K             ^[m[K
[01m[K/opt/ros/kinetic/include/ros/node_handle.h:314:13:[m[K [01;36m[Knote: [m[K  template argument deduction/substitution failed:
[01m[K/home/mgehrig2/git_repos/socketToRos/catkin_ws/src/socketToRosPkg/socketToRosMain.cpp:63:84:[m[K [01;31m[Kerror: [m[Ktemplate argument 1 is invalid
    ros::Publisher chatter_pub = n.advertise<std_msgs::float>("publisherEEROS", 1000);
[01;32m[K                                                                                    ^[m[K
[01m[K/home/mgehrig2/git_repos/socketToRos/catkin_ws/src/socketToRosPkg/socketToRosMain.cpp:68:12:[m[K [01;35m[Kwarning: [m[Kdeprecated conversion from string constant to ‘[01m[Kchar*[m[K’ [-Wwrite-strings]
  server_ip = "0.0.0.0";
[01;32m[K            ^[m[K
[01m[K/home/mgehrig2/git_repos/socketToRos/catkin_ws/src/socketToRosPkg/socketToRosMain.cpp:69:12:[m[K [01;35m[Kwarning: [m[Kdeprecated conversion from string constant to ‘[01m[Kchar*[m[K’ [-Wwrite-strings]
  server_ip = "127.0.0.1";
[01;32m[K            ^[m[K
[01m[K/home/mgehrig2/git_repos/socketToRos/catkin_ws/src/socketToRosPkg/socketToRosMain.cpp:80:7:[m[K [01;31m[Kerror: [m[K‘[01m[Kserver[m[K’ does not name a type
  auto server = gethostbyname(server_ip); 
[01;32m[K       ^[m[K
[01m[K/home/mgehrig2/git_repos/socketToRos/catkin_ws/src/socketToRosPkg/socketToRosMain.cpp:82:6:[m[K [01;31m[Kerror: [m[K‘[01m[Kserver[m[K’ was not declared in this scope
  if (server == NULL) {
[01;32m[K      ^[m[K
[01m[K/home/mgehrig2/git_repos/socketToRos/catkin_ws/src/socketToRosPkg/socketToRosMain.cpp:89:16:[m[K [01;31m[Kerror: [m[K‘[01m[Kserver[m[K’ was not declared in this scope
  bcopy((char *)server->h_addr,(char *)&serv_addr.sin_addr.s_addr, server->h_length);
[01;32m[K                ^[m[K
[01m[K/home/mgehrig2/git_repos/socketToRos/catkin_ws/src/socketToRosPkg/socketToRosMain.cpp:99:6:[m[K [01;31m[Kerror: [m[Kconflicting declaration ‘[01m[Kint n[m[K’
  int n;
[01;32m[K      ^[m[K
[01m[K/home/mgehrig2/git_repos/socketToRos/catkin_ws/src/socketToRosPkg/socketToRosMain.cpp:39:19:[m[K [01;36m[Knote: [m[Kprevious declaration as ‘[01m[Kros::NodeHandle n[m[K’
   ros::NodeHandle n;
[01;32m[K                   ^[m[K
[01m[K/home/mgehrig2/git_repos/socketToRos/catkin_ws/src/socketToRosPkg/socketToRosMain.cpp:114:5:[m[K [01;31m[Kerror: [m[Kno match for ‘[01m[Koperator=[m[K’ (operand types are ‘[01m[Kros::NodeHandle[m[K’ and ‘[01m[Kssize_t {aka long int}[m[K’)
   n = write(sockfd,b_write,sizeof(b_write)*8);
[01;32m[K     ^[m[K
In file included from [01m[K/opt/ros/kinetic/include/ros/ros.h:45:0[m[K,
                 from [01m[K/home/mgehrig2/git_repos/socketToRos/catkin_ws/src/socketToRosPkg/socketToRosMain.cpp:1[m[K:
[01m[K/opt/ros/kinetic/include/ros/node_handle.h:165:17:[m[K [01;36m[Knote: [m[Kcandidate: ros::NodeHandle& ros::NodeHandle::operator=(const ros::NodeHandle&)
     NodeHandle& operator=(const NodeHandle& rhs);
[01;32m[K                 ^[m[K
[01m[K/opt/ros/kinetic/include/ros/node_handle.h:165:17:[m[K [01;36m[Knote: [m[K  no known conversion for argument 1 from ‘[01m[Kssize_t {aka long int}[m[K’ to ‘[01m[Kconst ros::NodeHandle&[m[K’
[01m[K/home/mgehrig2/git_repos/socketToRos/catkin_ws/src/socketToRosPkg/socketToRosMain.cpp:115:9:[m[K [01;31m[Kerror: [m[Kno match for ‘[01m[Koperator<[m[K’ (operand types are ‘[01m[Kros::NodeHandle[m[K’ and ‘[01m[Kint[m[K’)
   if (n < 0) std::cout << "ERROR writing to socket" << std::endl;
[01;32m[K         ^[m[K
[01m[K/home/mgehrig2/git_repos/socketToRos/catkin_ws/src/socketToRosPkg/socketToRosMain.cpp:118:5:[m[K [01;31m[Kerror: [m[Kno match for ‘[01m[Koperator=[m[K’ (operand types are ‘[01m[Kros::NodeHandle[m[K’ and ‘[01m[Kssize_t {aka long int}[m[K’)
   n = read(sockfd,b_read,sizeof(b_read)*8);
[01;32m[K     ^[m[K
In file included from [01m[K/opt/ros/kinetic/include/ros/ros.h:45:0[m[K,
                 from [01m[K/home/mgehrig2/git_repos/socketToRos/catkin_ws/src/socketToRosPkg/socketToRosMain.cpp:1[m[K:
[01m[K/opt/ros/kinetic/include/ros/node_handle.h:165:17:[m[K [01;36m[Knote: [m[Kcandidate: ros::NodeHandle& ros::NodeHandle::operator=(const ros::NodeHandle&)
     NodeHandle& operator=(const NodeHandle& rhs);
[01;32m[K                 ^[m[K
[01m[K/opt/ros/kinetic/include/ros/node_handle.h:165:17:[m[K [01;36m[Knote: [m[K  no known conversion for argument 1 from ‘[01m[Kssize_t {aka long int}[m[K’ to ‘[01m[Kconst ros::NodeHandle&[m[K’
[01m[K/home/mgehrig2/git_repos/socketToRos/catkin_ws/src/socketToRosPkg/socketToRosMain.cpp:119:9:[m[K [01;31m[Kerror: [m[Kno match for ‘[01m[Koperator<[m[K’ (operand types are ‘[01m[Kros::NodeHandle[m[K’ and ‘[01m[Kint[m[K’)
   if (n < 0) std::cout << "ERROR reading from socket" << std::endl;
[01;32m[K         ^[m[K
CMakeFiles/socketToRos.dir/build.make:62: recipe for target 'CMakeFiles/socketToRos.dir/socketToRosMain.cpp.o' failed
make[2]: *** [CMakeFiles/socketToRos.dir/socketToRosMain.cpp.o] Error 1
CMakeFiles/Makefile2:519: recipe for target 'CMakeFiles/socketToRos.dir/all' failed
make[1]: *** [CMakeFiles/socketToRos.dir/all] Error 2
Makefile:138: recipe for target 'all' failed
make: *** [all] Error 2
